<?xml version="1.0" encoding="UTF-8"?>
<testsuite xmlns:xsi="http://www.w3.org/2001/XMLSchema-instance" xsi:noNamespaceSchemaLocation="https://maven.apache.org/surefire/maven-surefire-plugin/xsd/surefire-test-report.xsd" name="ReservationServiceTest" time="0.207" tests="5" errors="0" skipped="0" failures="0">
  <properties>
[...]
</properties>
  <testcase name="testCreateReservationShouldRaiseInvalidReservationExceptionWhenInvalidClientName" classname="ReservationServiceTest" time="0.193"/>
  <testcase name="testGetReservationWithValidClientNameReturnClientReservation" classname="ReservationServiceTest" time="0.007"/>
  <testcase name="testCreateReservationInvokeSaveRespositoryOneTime" classname="ReservationServiceTest" time="0.002"/>
  <testcase name="testGetReservationThrowExceptionWhenReservationNotFound" classname="ReservationServiceTest" time="0.001"/>
  <testcase name="testCreateReservationReturnCorrectReservationClientName" classname="ReservationServiceTest" time="0"/>
</testsuite>